# JRE version: 7.0_10-b18
# Java VM: Java HotSpot(TM) 64-Bit Server VM (23.6-b04 mixed mode bsd-amd64 compressed oops)
Heap
 PSYoungGen      total 22400K, used 3656K [0x000000014ae30000, 0x000000014c730000, 0x0000000163e30000)
  eden space 19200K, 2% used [0x000000014ae30000,0x000000014aea57c0,0x000000014c0f0000)
  from space 3200K, 99% used [0x000000014c410000,0x000000014c72ca68,0x000000014c730000)
  to   space 3200K, 0% used [0x000000014c0f0000,0x000000014c0f0000,0x000000014c410000)
 ParOldGen       total 51200K, used 10118K [0x0000000118e30000, 0x000000011c030000, 0x000000014ae30000)
  object space 51200K, 19% used [0x0000000118e30000,0x0000000119811bb8,0x000000011c030000)
 PSPermGen       total 21248K, used 17344K [0x0000000113c30000, 0x00000001150f0000, 0x0000000118e30000)
  object space 21248K, 81% used [0x0000000113c30000,0x0000000114d201e0,0x00000001150f0000)
GC Heap History (4 events):
Event: 1.614 GC heap before
{Heap before GC invocations=1 (full 0):
 PSYoungGen      total 22400K, used 19200K [0x000000014ae30000, 0x000000014c730000, 0x0000000163e30000)
  eden space 19200K, 100% used [0x000000014ae30000,0x000000014c0f0000,0x000000014c0f0000)
  from space 3200K, 0% used [0x000000014c410000,0x000000014c410000,0x000000014c730000)
  to   space 3200K, 0% used [0x000000014c0f0000,0x000000014c0f0000,0x000000014c410000)
 ParOldGen       total 51200K, used 0K [0x0000000118e30000, 0x000000011c030000, 0x000000014ae30000)
  object space 51200K, 0% used [0x0000000118e30000,0x0000000118e30000,0x000000011c030000)
 PSPermGen       total 21248K, used 16199K [0x0000000113c30000, 0x00000001150f0000, 0x0000000118e30000)
  object space 21248K, 76% used [0x0000000113c30000,0x0000000114c01e48,0x00000001150f0000)
Event: 1.622 GC heap after
Heap after GC invocations=1 (full 0):
 PSYoungGen      total 22400K, used 3183K [0x000000014ae30000, 0x000000014c730000, 0x0000000163e30000)
  eden space 19200K, 0% used [0x000000014ae30000,0x000000014ae30000,0x000000014c0f0000)
  from space 3200K, 99% used [0x000000014c0f0000,0x000000014c40bde8,0x000000014c410000)
  to   space 3200K, 0% used [0x000000014c410000,0x000000014c410000,0x000000014c730000)
 ParOldGen       total 51200K, used 6820K [0x0000000118e30000, 0x000000011c030000, 0x000000014ae30000)
  object space 51200K, 13% used [0x0000000118e30000,0x00000001194d9340,0x000000011c030000)
 PSPermGen       total 21248K, used 16199K [0x0000000113c30000, 0x00000001150f0000, 0x0000000118e30000)
  object space 21248K, 76% used [0x0000000113c30000,0x0000000114c01e48,0x00000001150f0000)
}
Event: 23.471 GC heap before
{Heap before GC invocations=2 (full 0):
 PSYoungGen      total 22400K, used 22383K [0x000000014ae30000, 0x000000014c730000, 0x0000000163e30000)
  eden space 19200K, 100% used [0x000000014ae30000,0x000000014c0f0000,0x000000014c0f0000)
  from space 3200K, 99% used [0x000000014c0f0000,0x000000014c40bde8,0x000000014c410000)
  to   space 3200K, 0% used [0x000000014c410000,0x000000014c410000,0x000000014c730000)
 ParOldGen       total 51200K, used 6820K [0x0000000118e30000, 0x000000011c030000, 0x000000014ae30000)
  object space 51200K, 13% used [0x0000000118e30000,0x00000001194d9340,0x000000011c030000)
 PSPermGen       total 21248K, used 17337K [0x0000000113c30000, 0x00000001150f0000, 0x0000000118e30000)
  object space 21248K, 81% used [0x0000000113c30000,0x0000000114d1e420,0x00000001150f0000)
Event: 23.478 GC heap after
Heap after GC invocations=2 (full 0):
 PSYoungGen      total 22400K, used 3186K [0x000000014ae30000, 0x000000014c730000, 0x0000000163e30000)
  eden space 19200K, 0% used [0x000000014ae30000,0x000000014ae30000,0x000000014c0f0000)
  from space 3200K, 99% used [0x000000014c410000,0x000000014c72ca68,0x000000014c730000)
  to   space 3200K, 0% used [0x000000014c0f0000,0x000000014c0f0000,0x000000014c410000)
 ParOldGen       total 51200K, used 10118K [0x0000000118e30000, 0x000000011c030000, 0x000000014ae30000)
  object space 51200K, 19% used [0x0000000118e30000,0x0000000119811bb8,0x000000011c030000)
 PSPermGen       total 21248K, used 17337K [0x0000000113c30000, 0x00000001150f0000, 0x0000000118e30000)
  object space 21248K, 81% used [0x0000000113c30000,0x0000000114d1e420,0x00000001150f0000)
}

